23/04/08 23:29:15 INFO pig.ExecTypeProvider: Trying ExecType : LOCAL
23/04/08 23:29:15 INFO pig.ExecTypeProvider: Trying ExecType : MAPREDUCE
23/04/08 23:29:15 INFO pig.ExecTypeProvider: Picked MAPREDUCE as the ExecType
2023-04-08 23:29:15,267 [main] INFO  org.apache.pig.Main - Apache Pig version 0.15.0 (r1682971) compiled Jun 01 2015, 11:44:35
2023-04-08 23:29:15,268 [main] INFO  org.apache.pig.Main - Logging error messages to: /home/2018/acook24/pig_1681010955266.log
2023-04-08 23:29:15,802 [main] INFO  org.apache.pig.impl.util.Utils - Default bootup file /home/2018/acook24/.pigbootup not found
2023-04-08 23:29:15,949 [main] INFO  org.apache.hadoop.conf.Configuration.deprecation - mapred.job.tracker is deprecated. Instead, use mapreduce.jobtracker.address
2023-04-08 23:29:15,949 [main] INFO  org.apache.hadoop.conf.Configuration.deprecation - fs.default.name is deprecated. Instead, use fs.defaultFS
2023-04-08 23:29:15,949 [main] INFO  org.apache.pig.backend.hadoop.executionengine.HExecutionEngine - Connecting to hadoop file system at: hdfs://winter2023-comp421-1.cs.mcgill.ca:9000
2023-04-08 23:29:16,944 [main] INFO  org.apache.hadoop.conf.Configuration.deprecation - fs.default.name is deprecated. Instead, use fs.defaultFS
2023-04-08 23:29:17,125 [main] INFO  org.apache.pig.tools.pigstats.ScriptState - Pig features used in the script: HASH_JOIN,GROUP_BY,FILTER
2023-04-08 23:29:17,168 [main] INFO  org.apache.hadoop.conf.Configuration.deprecation - fs.default.name is deprecated. Instead, use fs.defaultFS
2023-04-08 23:29:17,171 [main] INFO  org.apache.pig.data.SchemaTupleBackend - Key [pig.schematuple] was not set... will not generate code.
2023-04-08 23:29:17,206 [main] INFO  org.apache.pig.newplan.logical.optimizer.LogicalPlanOptimizer - {RULES_ENABLED=[AddForEach, ColumnMapKeyPrune, ConstantCalculator, GroupByConstParallelSetter, LimitOptimizer, LoadTypeCastInserter, MergeFilter, MergeForEach, PartitionFilterOptimizer, PredicatePushdownOptimizer, PushDownForEachFlatten, PushUpFilter, SplitFilter, StreamTypeCastInserter]}
2023-04-08 23:29:17,342 [main] INFO  org.apache.pig.backend.hadoop.executionengine.mapReduceLayer.MRCompiler - File concatenation threshold: 100 optimistic? false
2023-04-08 23:29:17,362 [main] INFO  org.apache.pig.backend.hadoop.executionengine.util.CombinerOptimizerUtil - Choosing to move algebraic foreach to combiner
2023-04-08 23:29:17,365 [main] INFO  org.apache.pig.backend.hadoop.executionengine.util.CombinerOptimizerUtil - Choosing to move algebraic foreach to combiner
2023-04-08 23:29:17,378 [main] INFO  org.apache.pig.backend.hadoop.executionengine.mapReduceLayer.MRCompiler$LastInputStreamingOptimizer - Rewrite: POPackage->POForEach to POPackage(JoinPackager)
2023-04-08 23:29:17,387 [main] INFO  org.apache.pig.backend.hadoop.executionengine.mapReduceLayer.MultiQueryOptimizer - MR plan size before optimization: 4
2023-04-08 23:29:17,388 [main] INFO  org.apache.pig.backend.hadoop.executionengine.mapReduceLayer.MultiQueryOptimizer - Merged MR job 66 into MR job 63
2023-04-08 23:29:17,389 [main] INFO  org.apache.pig.backend.hadoop.executionengine.mapReduceLayer.MultiQueryOptimizer - Merged MR job 71 into MR job 63
2023-04-08 23:29:17,389 [main] INFO  org.apache.pig.backend.hadoop.executionengine.mapReduceLayer.MultiQueryOptimizer - Requested parallelism of splitter: -1
2023-04-08 23:29:17,389 [main] INFO  org.apache.pig.backend.hadoop.executionengine.mapReduceLayer.MultiQueryOptimizer - Merged 2 map-reduce splittees.
2023-04-08 23:29:17,389 [main] INFO  org.apache.pig.backend.hadoop.executionengine.mapReduceLayer.MultiQueryOptimizer - Merged 2 out of total 3 MR operators.
2023-04-08 23:29:17,389 [main] INFO  org.apache.pig.backend.hadoop.executionengine.mapReduceLayer.MultiQueryOptimizer - MR plan size after optimization: 2
2023-04-08 23:29:17,417 [main] INFO  org.apache.hadoop.conf.Configuration.deprecation - fs.default.name is deprecated. Instead, use fs.defaultFS
2023-04-08 23:29:17,450 [main] INFO  org.apache.hadoop.yarn.client.RMProxy - Connecting to ResourceManager at winter2023-comp421-1.cs.mcgill.ca/132.206.51.211:8032
2023-04-08 23:29:17,633 [main] INFO  org.apache.pig.tools.pigstats.mapreduce.MRScriptState - Pig script settings are added to the job
2023-04-08 23:29:17,638 [main] INFO  org.apache.hadoop.conf.Configuration.deprecation - mapred.job.reduce.markreset.buffer.percent is deprecated. Instead, use mapreduce.reduce.markreset.buffer.percent
2023-04-08 23:29:17,639 [main] INFO  org.apache.pig.backend.hadoop.executionengine.mapReduceLayer.JobControlCompiler - mapred.job.reduce.markreset.buffer.percent is not set, set to default 0.3
2023-04-08 23:29:17,639 [main] INFO  org.apache.hadoop.conf.Configuration.deprecation - mapred.output.compress is deprecated. Instead, use mapreduce.output.fileoutputformat.compress
2023-04-08 23:29:17,641 [main] INFO  org.apache.pig.backend.hadoop.executionengine.mapReduceLayer.JobControlCompiler - Reduce phase detected, estimating # of required reducers.
2023-04-08 23:29:17,641 [main] INFO  org.apache.pig.backend.hadoop.executionengine.mapReduceLayer.JobControlCompiler - Using reducer estimator: org.apache.pig.backend.hadoop.executionengine.mapReduceLayer.InputSizeReducerEstimator
2023-04-08 23:29:17,647 [main] INFO  org.apache.pig.backend.hadoop.executionengine.mapReduceLayer.InputSizeReducerEstimator - BytesPerReducer=1000000000 maxReducers=999 totalInputFileSize=283574
2023-04-08 23:29:17,648 [main] INFO  org.apache.pig.backend.hadoop.executionengine.mapReduceLayer.JobControlCompiler - Setting Parallelism to 1
2023-04-08 23:29:17,648 [main] INFO  org.apache.hadoop.conf.Configuration.deprecation - mapred.reduce.tasks is deprecated. Instead, use mapreduce.job.reduces
2023-04-08 23:29:17,648 [main] INFO  org.apache.pig.backend.hadoop.executionengine.mapReduceLayer.JobControlCompiler - This job cannot be converted run in-process
2023-04-08 23:29:17,900 [main] INFO  org.apache.pig.backend.hadoop.executionengine.mapReduceLayer.JobControlCompiler - Added jar file:/data/cs421/softwares/apache/pig-0.15.0/pig-0.15.0-core-h2.jar to DistributedCache through /tmp/temp847570235/tmp-1770094231/pig-0.15.0-core-h2.jar
2023-04-08 23:29:17,922 [main] INFO  org.apache.pig.backend.hadoop.executionengine.mapReduceLayer.JobControlCompiler - Added jar file:/data/cs421/softwares/apache/pig-0.15.0/lib/automaton-1.11-8.jar to DistributedCache through /tmp/temp847570235/tmp1752826469/automaton-1.11-8.jar
2023-04-08 23:29:17,947 [main] INFO  org.apache.pig.backend.hadoop.executionengine.mapReduceLayer.JobControlCompiler - Added jar file:/data/cs421/softwares/apache/pig-0.15.0/lib/antlr-runtime-3.4.jar to DistributedCache through /tmp/temp847570235/tmp1490765903/antlr-runtime-3.4.jar
2023-04-08 23:29:17,965 [main] INFO  org.apache.pig.backend.hadoop.executionengine.mapReduceLayer.JobControlCompiler - Added jar file:/data/cs421/softwares/apache/pig-0.15.0/lib/joda-time-2.5.jar to DistributedCache through /tmp/temp847570235/tmp-102096609/joda-time-2.5.jar
2023-04-08 23:29:17,991 [main] INFO  org.apache.pig.backend.hadoop.executionengine.mapReduceLayer.JobControlCompiler - Setting up multi store job
2023-04-08 23:29:17,997 [main] INFO  org.apache.pig.data.SchemaTupleFrontend - Key [pig.schematuple] is false, will not generate code.
2023-04-08 23:29:17,997 [main] INFO  org.apache.pig.data.SchemaTupleFrontend - Starting process to move generated code to distributed cacche
2023-04-08 23:29:17,997 [main] INFO  org.apache.pig.data.SchemaTupleFrontend - Setting key [pig.schematuple.classes] with classes to deserialize []
2023-04-08 23:29:18,076 [main] INFO  org.apache.pig.backend.hadoop.executionengine.mapReduceLayer.MapReduceLauncher - 1 map-reduce job(s) waiting for submission.
2023-04-08 23:29:18,077 [main] INFO  org.apache.hadoop.conf.Configuration.deprecation - mapred.job.tracker.http.address is deprecated. Instead, use mapreduce.jobtracker.http.address
2023-04-08 23:29:18,082 [JobControl] INFO  org.apache.hadoop.yarn.client.RMProxy - Connecting to ResourceManager at winter2023-comp421-1.cs.mcgill.ca/132.206.51.211:8032
2023-04-08 23:29:18,095 [JobControl] INFO  org.apache.hadoop.conf.Configuration.deprecation - fs.default.name is deprecated. Instead, use fs.defaultFS
2023-04-08 23:29:18,176 [JobControl] WARN  org.apache.hadoop.mapreduce.JobResourceUploader - No job jar file set.  User classes may not be found. See Job or Job#setJar(String).
2023-04-08 23:29:18,214 [JobControl] INFO  org.apache.hadoop.mapreduce.lib.input.FileInputFormat - Total input paths to process : 1
2023-04-08 23:29:18,214 [JobControl] INFO  org.apache.pig.backend.hadoop.executionengine.util.MapRedUtil - Total input paths to process : 1
2023-04-08 23:29:18,233 [JobControl] INFO  org.apache.pig.backend.hadoop.executionengine.util.MapRedUtil - Total input paths (combined) to process : 1
2023-04-08 23:29:18,290 [JobControl] INFO  org.apache.hadoop.mapreduce.JobSubmitter - number of splits:1
2023-04-08 23:29:18,405 [JobControl] INFO  org.apache.hadoop.mapreduce.JobSubmitter - Submitting tokens for job: job_1680986559159_0983
2023-04-08 23:29:18,540 [JobControl] INFO  org.apache.hadoop.mapred.YARNRunner - Job jar is not present. Not adding any jar to the list of resources.
2023-04-08 23:29:18,610 [JobControl] INFO  org.apache.hadoop.yarn.client.api.impl.YarnClientImpl - Submitted application application_1680986559159_0983
2023-04-08 23:29:18,646 [JobControl] INFO  org.apache.hadoop.mapreduce.Job - The url to track the job: http://winter2023-comp421-1.cs.mcgill.ca:8088/proxy/application_1680986559159_0983/
2023-04-08 23:29:18,647 [main] INFO  org.apache.pig.backend.hadoop.executionengine.mapReduceLayer.MapReduceLauncher - HadoopJobId: job_1680986559159_0983
2023-04-08 23:29:18,647 [main] INFO  org.apache.pig.backend.hadoop.executionengine.mapReduceLayer.MapReduceLauncher - Processing aliases cnt,cnt2,grpd,grpd2,movies
2023-04-08 23:29:18,647 [main] INFO  org.apache.pig.backend.hadoop.executionengine.mapReduceLayer.MapReduceLauncher - detailed locations: M: movies[5,9],movies[-1,-1],cnt2[19,7],grpd2[18,8],cnt[16,6],grpd[15,7] C: cnt2[19,7],grpd2[18,8],cnt[16,6],grpd[15,7] R: cnt2[19,7],cnt[16,6]
2023-04-08 23:29:18,656 [main] INFO  org.apache.pig.backend.hadoop.executionengine.mapReduceLayer.MapReduceLauncher - 0% complete
2023-04-08 23:29:18,657 [main] INFO  org.apache.pig.backend.hadoop.executionengine.mapReduceLayer.MapReduceLauncher - Running jobs are [job_1680986559159_0983]
2023-04-08 23:29:35,475 [JobControl] INFO  org.apache.hadoop.mapred.ClientServiceDelegate - Application state is completed. FinalApplicationStatus=SUCCEEDED. Redirecting to job history server
2023-04-08 23:29:35,504 [main] INFO  org.apache.pig.backend.hadoop.executionengine.mapReduceLayer.MapReduceLauncher - 50% complete
2023-04-08 23:29:35,509 [main] INFO  org.apache.hadoop.yarn.client.RMProxy - Connecting to ResourceManager at winter2023-comp421-1.cs.mcgill.ca/132.206.51.211:8032
2023-04-08 23:29:35,513 [main] INFO  org.apache.hadoop.mapred.ClientServiceDelegate - Application state is completed. FinalApplicationStatus=SUCCEEDED. Redirecting to job history server
2023-04-08 23:29:35,625 [main] INFO  org.apache.hadoop.yarn.client.RMProxy - Connecting to ResourceManager at winter2023-comp421-1.cs.mcgill.ca/132.206.51.211:8032
2023-04-08 23:29:35,630 [main] INFO  org.apache.hadoop.mapred.ClientServiceDelegate - Application state is completed. FinalApplicationStatus=SUCCEEDED. Redirecting to job history server
2023-04-08 23:29:35,704 [main] INFO  org.apache.hadoop.yarn.client.RMProxy - Connecting to ResourceManager at winter2023-comp421-1.cs.mcgill.ca/132.206.51.211:8032
2023-04-08 23:29:35,708 [main] INFO  org.apache.hadoop.mapred.ClientServiceDelegate - Application state is completed. FinalApplicationStatus=SUCCEEDED. Redirecting to job history server
2023-04-08 23:29:35,766 [main] INFO  org.apache.pig.tools.pigstats.mapreduce.MRScriptState - Pig script settings are added to the job
2023-04-08 23:29:35,767 [main] INFO  org.apache.pig.backend.hadoop.executionengine.mapReduceLayer.JobControlCompiler - mapred.job.reduce.markreset.buffer.percent is not set, set to default 0.3
2023-04-08 23:29:35,767 [main] INFO  org.apache.pig.backend.hadoop.executionengine.mapReduceLayer.JobControlCompiler - Reduce phase detected, estimating # of required reducers.
2023-04-08 23:29:35,767 [main] INFO  org.apache.pig.backend.hadoop.executionengine.mapReduceLayer.JobControlCompiler - Using reducer estimator: org.apache.pig.backend.hadoop.executionengine.mapReduceLayer.InputSizeReducerEstimator
2023-04-08 23:29:35,787 [main] INFO  org.apache.pig.backend.hadoop.executionengine.mapReduceLayer.InputSizeReducerEstimator - BytesPerReducer=1000000000 maxReducers=999 totalInputFileSize=1904
2023-04-08 23:29:35,787 [main] INFO  org.apache.pig.backend.hadoop.executionengine.mapReduceLayer.JobControlCompiler - Setting Parallelism to 1
2023-04-08 23:29:35,787 [main] INFO  org.apache.pig.backend.hadoop.executionengine.mapReduceLayer.JobControlCompiler - This job cannot be converted run in-process
2023-04-08 23:29:35,865 [main] INFO  org.apache.pig.backend.hadoop.executionengine.mapReduceLayer.JobControlCompiler - Added jar file:/data/cs421/softwares/apache/pig-0.15.0/pig-0.15.0-core-h2.jar to DistributedCache through /tmp/temp847570235/tmp1533355492/pig-0.15.0-core-h2.jar
2023-04-08 23:29:35,886 [main] INFO  org.apache.pig.backend.hadoop.executionengine.mapReduceLayer.JobControlCompiler - Added jar file:/data/cs421/softwares/apache/pig-0.15.0/lib/automaton-1.11-8.jar to DistributedCache through /tmp/temp847570235/tmp-1773811030/automaton-1.11-8.jar
2023-04-08 23:29:35,903 [main] INFO  org.apache.pig.backend.hadoop.executionengine.mapReduceLayer.JobControlCompiler - Added jar file:/data/cs421/softwares/apache/pig-0.15.0/lib/antlr-runtime-3.4.jar to DistributedCache through /tmp/temp847570235/tmp1012935643/antlr-runtime-3.4.jar
2023-04-08 23:29:35,923 [main] INFO  org.apache.pig.backend.hadoop.executionengine.mapReduceLayer.JobControlCompiler - Added jar file:/data/cs421/softwares/apache/pig-0.15.0/lib/joda-time-2.5.jar to DistributedCache through /tmp/temp847570235/tmp-2057776966/joda-time-2.5.jar
2023-04-08 23:29:35,932 [main] INFO  org.apache.pig.backend.hadoop.executionengine.mapReduceLayer.JobControlCompiler - Setting up single store job
2023-04-08 23:29:35,933 [main] INFO  org.apache.pig.data.SchemaTupleFrontend - Key [pig.schematuple] is false, will not generate code.
2023-04-08 23:29:35,933 [main] INFO  org.apache.pig.data.SchemaTupleFrontend - Starting process to move generated code to distributed cacche
2023-04-08 23:29:35,933 [main] INFO  org.apache.pig.data.SchemaTupleFrontend - Setting key [pig.schematuple.classes] with classes to deserialize []
2023-04-08 23:29:35,952 [main] INFO  org.apache.pig.backend.hadoop.executionengine.mapReduceLayer.MapReduceLauncher - 1 map-reduce job(s) waiting for submission.
2023-04-08 23:29:35,955 [JobControl] INFO  org.apache.hadoop.yarn.client.RMProxy - Connecting to ResourceManager at winter2023-comp421-1.cs.mcgill.ca/132.206.51.211:8032
2023-04-08 23:29:35,962 [JobControl] INFO  org.apache.hadoop.conf.Configuration.deprecation - fs.default.name is deprecated. Instead, use fs.defaultFS
2023-04-08 23:29:35,971 [JobControl] WARN  org.apache.hadoop.mapreduce.JobResourceUploader - No job jar file set.  User classes may not be found. See Job or Job#setJar(String).
2023-04-08 23:29:35,996 [JobControl] INFO  org.apache.hadoop.mapreduce.lib.input.FileInputFormat - Total input paths to process : 1
2023-04-08 23:29:35,996 [JobControl] INFO  org.apache.pig.backend.hadoop.executionengine.util.MapRedUtil - Total input paths to process : 1
2023-04-08 23:29:35,996 [JobControl] INFO  org.apache.pig.backend.hadoop.executionengine.util.MapRedUtil - Total input paths (combined) to process : 1
2023-04-08 23:29:36,001 [JobControl] INFO  org.apache.hadoop.mapreduce.lib.input.FileInputFormat - Total input paths to process : 1
2023-04-08 23:29:36,001 [JobControl] INFO  org.apache.pig.backend.hadoop.executionengine.util.MapRedUtil - Total input paths to process : 1
2023-04-08 23:29:36,001 [JobControl] INFO  org.apache.pig.backend.hadoop.executionengine.util.MapRedUtil - Total input paths (combined) to process : 1
2023-04-08 23:29:36,038 [JobControl] INFO  org.apache.hadoop.mapreduce.JobSubmitter - number of splits:2
2023-04-08 23:29:36,084 [JobControl] INFO  org.apache.hadoop.mapreduce.JobSubmitter - Submitting tokens for job: job_1680986559159_0984
2023-04-08 23:29:36,087 [JobControl] INFO  org.apache.hadoop.mapred.YARNRunner - Job jar is not present. Not adding any jar to the list of resources.
2023-04-08 23:29:36,109 [JobControl] INFO  org.apache.hadoop.yarn.client.api.impl.YarnClientImpl - Submitted application application_1680986559159_0984
2023-04-08 23:29:36,113 [JobControl] INFO  org.apache.hadoop.mapreduce.Job - The url to track the job: http://winter2023-comp421-1.cs.mcgill.ca:8088/proxy/application_1680986559159_0984/
2023-04-08 23:29:36,454 [main] INFO  org.apache.pig.backend.hadoop.executionengine.mapReduceLayer.MapReduceLauncher - HadoopJobId: job_1680986559159_0984
2023-04-08 23:29:36,454 [main] INFO  org.apache.pig.backend.hadoop.executionengine.mapReduceLayer.MapReduceLauncher - Processing aliases fltr,jnd,rel
2023-04-08 23:29:36,454 [main] INFO  org.apache.pig.backend.hadoop.executionengine.mapReduceLayer.MapReduceLauncher - detailed locations: M: jnd[21,6],jnd[21,6] C:  R: fltr[23,7],rel[25,6]
2023-04-08 23:29:54,760 [JobControl] INFO  org.apache.hadoop.mapred.ClientServiceDelegate - Application state is completed. FinalApplicationStatus=SUCCEEDED. Redirecting to job history server
2023-04-08 23:29:54,802 [main] INFO  org.apache.hadoop.yarn.client.RMProxy - Connecting to ResourceManager at winter2023-comp421-1.cs.mcgill.ca/132.206.51.211:8032
2023-04-08 23:29:54,805 [main] INFO  org.apache.hadoop.mapred.ClientServiceDelegate - Application state is completed. FinalApplicationStatus=SUCCEEDED. Redirecting to job history server
2023-04-08 23:29:54,856 [main] INFO  org.apache.hadoop.yarn.client.RMProxy - Connecting to ResourceManager at winter2023-comp421-1.cs.mcgill.ca/132.206.51.211:8032
2023-04-08 23:29:54,859 [main] INFO  org.apache.hadoop.mapred.ClientServiceDelegate - Application state is completed. FinalApplicationStatus=SUCCEEDED. Redirecting to job history server
2023-04-08 23:29:54,911 [main] INFO  org.apache.hadoop.yarn.client.RMProxy - Connecting to ResourceManager at winter2023-comp421-1.cs.mcgill.ca/132.206.51.211:8032
2023-04-08 23:29:54,913 [main] INFO  org.apache.hadoop.mapred.ClientServiceDelegate - Application state is completed. FinalApplicationStatus=SUCCEEDED. Redirecting to job history server
2023-04-08 23:29:54,941 [main] INFO  org.apache.pig.backend.hadoop.executionengine.mapReduceLayer.MapReduceLauncher - 100% complete
2023-04-08 23:29:54,963 [main] INFO  org.apache.pig.tools.pigstats.mapreduce.SimplePigStats - Script Statistics: 

HadoopVersion	PigVersion	UserId	StartedAt	FinishedAt	Features
2.7.2	0.15.0	acook24	2023-04-08 23:29:17	2023-04-08 23:29:54	HASH_JOIN,GROUP_BY,FILTER

Success!

Job Stats (time in seconds):
JobId	Maps	Reduces	MaxMapTime	MinMapTime	AvgMapTime	MedianMapTime	MaxReduceTime	MinReduceTime	AvgReduceTime	MedianReducetime	Alias	Feature	Outputs
job_1680986559159_0983	1	1	3	3	3	3	3	3	3	3	cnt,cnt2,grpd,grpd2,movies	MULTI_QUERY,COMBINER	
job_1680986559159_0984	2	1	5	5	5	5	3	3	3	3	fltr,jnd,rel	HASH_JOIN	hdfs://winter2023-comp421-1.cs.mcgill.ca:9000/tmp/temp847570235/tmp-19350589,

Input(s):
Successfully read 9120 records (283962 bytes) from: "/data/movies.csv"

Output(s):
Successfully stored 39 records (457 bytes) in: "hdfs://winter2023-comp421-1.cs.mcgill.ca:9000/tmp/temp847570235/tmp-19350589"

Counters:
Total records written : 39
Total bytes written : 457
Spillable Memory Manager spill count : 0
Total bags proactively spilled: 0
Total records proactively spilled: 0

Job DAG:
job_1680986559159_0983	->	job_1680986559159_0984,
job_1680986559159_0984


2023-04-08 23:29:54,968 [main] INFO  org.apache.hadoop.yarn.client.RMProxy - Connecting to ResourceManager at winter2023-comp421-1.cs.mcgill.ca/132.206.51.211:8032
2023-04-08 23:29:54,971 [main] INFO  org.apache.hadoop.mapred.ClientServiceDelegate - Application state is completed. FinalApplicationStatus=SUCCEEDED. Redirecting to job history server
2023-04-08 23:29:55,000 [main] INFO  org.apache.hadoop.yarn.client.RMProxy - Connecting to ResourceManager at winter2023-comp421-1.cs.mcgill.ca/132.206.51.211:8032
2023-04-08 23:29:55,003 [main] INFO  org.apache.hadoop.mapred.ClientServiceDelegate - Application state is completed. FinalApplicationStatus=SUCCEEDED. Redirecting to job history server
2023-04-08 23:29:55,034 [main] INFO  org.apache.hadoop.yarn.client.RMProxy - Connecting to ResourceManager at winter2023-comp421-1.cs.mcgill.ca/132.206.51.211:8032
2023-04-08 23:29:55,037 [main] INFO  org.apache.hadoop.mapred.ClientServiceDelegate - Application state is completed. FinalApplicationStatus=SUCCEEDED. Redirecting to job history server
2023-04-08 23:29:55,071 [main] INFO  org.apache.hadoop.yarn.client.RMProxy - Connecting to ResourceManager at winter2023-comp421-1.cs.mcgill.ca/132.206.51.211:8032
2023-04-08 23:29:55,074 [main] INFO  org.apache.hadoop.mapred.ClientServiceDelegate - Application state is completed. FinalApplicationStatus=SUCCEEDED. Redirecting to job history server
2023-04-08 23:29:55,106 [main] INFO  org.apache.hadoop.yarn.client.RMProxy - Connecting to ResourceManager at winter2023-comp421-1.cs.mcgill.ca/132.206.51.211:8032
2023-04-08 23:29:55,109 [main] INFO  org.apache.hadoop.mapred.ClientServiceDelegate - Application state is completed. FinalApplicationStatus=SUCCEEDED. Redirecting to job history server
2023-04-08 23:29:55,140 [main] INFO  org.apache.hadoop.yarn.client.RMProxy - Connecting to ResourceManager at winter2023-comp421-1.cs.mcgill.ca/132.206.51.211:8032
2023-04-08 23:29:55,143 [main] INFO  org.apache.hadoop.mapred.ClientServiceDelegate - Application state is completed. FinalApplicationStatus=SUCCEEDED. Redirecting to job history server
2023-04-08 23:29:55,174 [main] INFO  org.apache.pig.backend.hadoop.executionengine.mapReduceLayer.MapReduceLauncher - Success!
2023-04-08 23:29:55,176 [main] INFO  org.apache.hadoop.conf.Configuration.deprecation - fs.default.name is deprecated. Instead, use fs.defaultFS
2023-04-08 23:29:55,177 [main] INFO  org.apache.pig.data.SchemaTupleBackend - Key [pig.schematuple] was not set... will not generate code.
2023-04-08 23:29:55,181 [main] INFO  org.apache.hadoop.mapreduce.lib.input.FileInputFormat - Total input paths to process : 1
2023-04-08 23:29:55,181 [main] INFO  org.apache.pig.backend.hadoop.executionengine.util.MapRedUtil - Total input paths to process : 1
(1917,1,2)
(1923,3,6)
(1926,6,8)
(1928,5,8)
(1930,5,7)
(1933,13,14)
(1935,11,14)
(1938,14,20)
(1940,23,26)
(1941,21,23)
(1943,21,28)
(1948,26,32)
(1951,23,27)
(1954,33,36)
(1956,32,49)
(1958,31,41)
(1961,36,45)
(1964,45,47)
(1965,43,45)
(1968,45,53)
(1969,40,45)
(1972,48,55)
(1975,50,57)
(1983,81,102)
(1989,147,164)
(1990,142,147)
(1991,137,142)
(1997,267,275)
(1999,261,272)
(2001,267,273)
(2003,238,272)
(2005,233,247)
(2007,255,261)
(2008,247,255)
(2010,228,255)
(2012,222,230)
(2014,221,224)
(2015,182,221)
(2016,65,182)
2023-04-08 23:29:55,249 [main] INFO  org.apache.pig.Main - Pig script completed in 40 seconds and 176 milliseconds (40176 ms)
